<?xml version="1.0" encoding="UTF-8"?>
<testsuite xmlns:xsi="http://www.w3.org/2001/XMLSchema-instance" xsi:noNamespaceSchemaLocation="https://maven.apache.org/surefire/maven-surefire-plugin/xsd/surefire-test-report.xsd" name="DealerTest" time="0.052" tests="5" errors="0" skipped="0" failures="0">
  <properties>
    <property name="java.specification.version" value="20"/>
    <property name="sun.jnu.encoding" value="UTF-8"/>
    <property name="java.class.path" value="/Users/ryderdouglas/Library/CloudStorage/Dropbox/school/Poker0.1/target/test-classes:/Users/ryderdouglas/Library/CloudStorage/Dropbox/school/Poker0.1/target/classes:/Users/ryderdouglas/.m2/repository/org/junit/jupiter/junit-jupiter/5.6.2/junit-jupiter-5.6.2.jar:/Users/ryderdouglas/.m2/repository/org/junit/jupiter/junit-jupiter-api/5.6.2/junit-jupiter-api-5.6.2.jar:/Users/ryderdouglas/.m2/repository/org/apiguardian/apiguardian-api/1.1.0/apiguardian-api-1.1.0.jar:/Users/ryderdouglas/.m2/repository/org/opentest4j/opentest4j/1.2.0/opentest4j-1.2.0.jar:/Users/ryderdouglas/.m2/repository/org/junit/platform/junit-platform-commons/1.6.2/junit-platform-commons-1.6.2.jar:/Users/ryderdouglas/.m2/repository/org/junit/jupiter/junit-jupiter-params/5.6.2/junit-jupiter-params-5.6.2.jar:/Users/ryderdouglas/.m2/repository/org/junit/jupiter/junit-jupiter-engine/5.6.2/junit-jupiter-engine-5.6.2.jar:/Users/ryderdouglas/.m2/repository/org/junit/platform/junit-platform-engine/1.6.2/junit-platform-engine-1.6.2.jar:/Users/ryderdouglas/.m2/repository/org/openjfx/javafx-controls/19.0.2.1/javafx-controls-19.0.2.1.jar:/Users/ryderdouglas/.m2/repository/org/openjfx/javafx-controls/19.0.2.1/javafx-controls-19.0.2.1-mac-aarch64.jar:/Users/ryderdouglas/.m2/repository/org/openjfx/javafx-graphics/19.0.2.1/javafx-graphics-19.0.2.1.jar:/Users/ryderdouglas/.m2/repository/org/openjfx/javafx-graphics/19.0.2.1/javafx-graphics-19.0.2.1-mac-aarch64.jar:/Users/ryderdouglas/.m2/repository/org/openjfx/javafx-base/19.0.2.1/javafx-base-19.0.2.1.jar:/Users/ryderdouglas/.m2/repository/org/openjfx/javafx-base/19.0.2.1/javafx-base-19.0.2.1-mac-aarch64.jar:/Users/ryderdouglas/.m2/repository/org/openjfx/javafx-fxml/19.0.2.1/javafx-fxml-19.0.2.1.jar:/Users/ryderdouglas/.m2/repository/org/openjfx/javafx-fxml/19.0.2.1/javafx-fxml-19.0.2.1-mac-aarch64.jar:"/>
    <property name="java.vm.vendor" value="Oracle Corporation"/>
    <property name="sun.arch.data.model" value="64"/>
    <property name="java.vendor.url" value="https://java.oracle.com/"/>
    <property name="os.name" value="Mac OS X"/>
    <property name="java.vm.specification.version" value="20"/>
    <property name="sun.java.launcher" value="SUN_STANDARD"/>
    <property name="user.country" value="US"/>
    <property name="sun.boot.library.path" value="/Library/Java/JavaVirtualMachines/jdk-20.jdk/Contents/Home/lib"/>
    <property name="sun.java.command" value="/Users/ryderdouglas/Library/CloudStorage/Dropbox/school/Poker0.1/target/surefire/surefirebooter10396404570967628911.jar /Users/ryderdouglas/Library/CloudStorage/Dropbox/school/Poker0.1/target/surefire 2024-03-25T18-07-43_963-jvmRun1 surefire8316237548098007000tmp surefire_01310831174141289297tmp"/>
    <property name="http.nonProxyHosts" value="local|*.local|169.254/16|*.169.254/16"/>
    <property name="jdk.debug" value="release"/>
    <property name="surefire.test.class.path" value="/Users/ryderdouglas/Library/CloudStorage/Dropbox/school/Poker0.1/target/test-classes:/Users/ryderdouglas/Library/CloudStorage/Dropbox/school/Poker0.1/target/classes:/Users/ryderdouglas/.m2/repository/org/junit/jupiter/junit-jupiter/5.6.2/junit-jupiter-5.6.2.jar:/Users/ryderdouglas/.m2/repository/org/junit/jupiter/junit-jupiter-api/5.6.2/junit-jupiter-api-5.6.2.jar:/Users/ryderdouglas/.m2/repository/org/apiguardian/apiguardian-api/1.1.0/apiguardian-api-1.1.0.jar:/Users/ryderdouglas/.m2/repository/org/opentest4j/opentest4j/1.2.0/opentest4j-1.2.0.jar:/Users/ryderdouglas/.m2/repository/org/junit/platform/junit-platform-commons/1.6.2/junit-platform-commons-1.6.2.jar:/Users/ryderdouglas/.m2/repository/org/junit/jupiter/junit-jupiter-params/5.6.2/junit-jupiter-params-5.6.2.jar:/Users/ryderdouglas/.m2/repository/org/junit/jupiter/junit-jupiter-engine/5.6.2/junit-jupiter-engine-5.6.2.jar:/Users/ryderdouglas/.m2/repository/org/junit/platform/junit-platform-engine/1.6.2/junit-platform-engine-1.6.2.jar:/Users/ryderdouglas/.m2/repository/org/openjfx/javafx-controls/19.0.2.1/javafx-controls-19.0.2.1.jar:/Users/ryderdouglas/.m2/repository/org/openjfx/javafx-controls/19.0.2.1/javafx-controls-19.0.2.1-mac-aarch64.jar:/Users/ryderdouglas/.m2/repository/org/openjfx/javafx-graphics/19.0.2.1/javafx-graphics-19.0.2.1.jar:/Users/ryderdouglas/.m2/repository/org/openjfx/javafx-graphics/19.0.2.1/javafx-graphics-19.0.2.1-mac-aarch64.jar:/Users/ryderdouglas/.m2/repository/org/openjfx/javafx-base/19.0.2.1/javafx-base-19.0.2.1.jar:/Users/ryderdouglas/.m2/repository/org/openjfx/javafx-base/19.0.2.1/javafx-base-19.0.2.1-mac-aarch64.jar:/Users/ryderdouglas/.m2/repository/org/openjfx/javafx-fxml/19.0.2.1/javafx-fxml-19.0.2.1.jar:/Users/ryderdouglas/.m2/repository/org/openjfx/javafx-fxml/19.0.2.1/javafx-fxml-19.0.2.1-mac-aarch64.jar:"/>
    <property name="sun.cpu.endian" value="little"/>
    <property name="user.home" value="/Users/ryderdouglas"/>
    <property name="user.language" value="en"/>
    <property name="java.specification.vendor" value="Oracle Corporation"/>
    <property name="java.version.date" value="2023-07-18"/>
    <property name="java.home" value="/Library/Java/JavaVirtualMachines/jdk-20.jdk/Contents/Home"/>
    <property name="file.separator" value="/"/>
    <property name="basedir" value="/Users/ryderdouglas/Library/CloudStorage/Dropbox/school/Poker0.1"/>
    <property name="java.vm.compressedOopsMode" value="Zero based"/>
    <property name="line.separator" value="&#10;"/>
    <property name="java.vm.specification.vendor" value="Oracle Corporation"/>
    <property name="java.specification.name" value="Java Platform API Specification"/>
    <property name="apple.awt.application.name" value="ForkedBooter"/>
    <property name="surefire.real.class.path" value="/Users/ryderdouglas/Library/CloudStorage/Dropbox/school/Poker0.1/target/surefire/surefirebooter10396404570967628911.jar"/>
    <property name="sun.management.compiler" value="HotSpot 64-Bit Tiered Compilers"/>
    <property name="ftp.nonProxyHosts" value="local|*.local|169.254/16|*.169.254/16"/>
    <property name="java.runtime.version" value="20.0.2+9-78"/>
    <property name="user.name" value="ryderdouglas"/>
    <property name="stdout.encoding" value="UTF-8"/>
    <property name="path.separator" value=":"/>
    <property name="os.version" value="12.5"/>
    <property name="java.runtime.name" value="Java(TM) SE Runtime Environment"/>
    <property name="file.encoding" value="UTF-8"/>
    <property name="java.vm.name" value="Java HotSpot(TM) 64-Bit Server VM"/>
    <property name="localRepository" value="/Users/ryderdouglas/.m2/repository"/>
    <property name="java.vendor.url.bug" value="https://bugreport.java.com/bugreport/"/>
    <property name="java.io.tmpdir" value="/var/folders/4n/b74cgdz177s0206937tpd6780000gn/T/"/>
    <property name="java.version" value="20.0.2"/>
    <property name="user.dir" value="/Users/ryderdouglas/Library/CloudStorage/Dropbox/school/Poker0.1"/>
    <property name="os.arch" value="aarch64"/>
    <property name="java.vm.specification.name" value="Java Virtual Machine Specification"/>
    <property name="native.encoding" value="UTF-8"/>
    <property name="java.library.path" value="/Users/ryderdouglas/Library/Java/Extensions:/Library/Java/Extensions:/Network/Library/Java/Extensions:/System/Library/Java/Extensions:/usr/lib/java:."/>
    <property name="java.vm.info" value="mixed mode, sharing"/>
    <property name="stderr.encoding" value="UTF-8"/>
    <property name="java.vendor" value="Oracle Corporation"/>
    <property name="java.vm.version" value="20.0.2+9-78"/>
    <property name="sun.io.unicode.encoding" value="UnicodeBig"/>
    <property name="socksNonProxyHosts" value="local|*.local|169.254/16|*.169.254/16"/>
    <property name="java.class.version" value="64.0"/>
  </properties>
  <testcase name="generateDeckTest" classname="DealerTest" time="0.016"/>
  <testcase name="dealHandTest" classname="DealerTest" time="0"/>
  <testcase name="handRandomnessTest" classname="DealerTest" time="0.022"/>
  <testcase name="shuffleDeckTest" classname="DealerTest" time="0.001"/>
  <testcase name="shuffleRandomnessTest" classname="DealerTest" time="0.006"/>
</testsuite>